parml02@scirouter:~/ex1_omp_cuda$ cat deepnn_run_blas.out 
NUM_THREADS 1
Total time: 266.610005
DGEMM time: 72.529056
DGEMM_TA time: 90.951139
DGEMM_TB time: 86.076402
NUM_THREADS 2
Total time: 151.375221
DGEMM time: 37.960390
DGEMM_TA time: 48.251056
DGEMM_TB time: 45.791626
NUM_THREADS 4
Total time: 93.144344
DGEMM time: 20.120209
DGEMM_TA time: 26.727089
DGEMM_TB time: 25.405505
NUM_THREADS 6
Total time: 82.909821
DGEMM time: 17.773748
DGEMM_TA time: 19.457181
DGEMM_TB time: 22.909957
NUM_THREADS 12
Total time: 90.429219
DGEMM time: 18.832622
DGEMM_TA time: 22.251694
DGEMM_TB time: 24.532947
NUM_THREADS 24
Total time: 72.580011
DGEMM time: 11.171802
DGEMM_TA time: 15.804974
DGEMM_TB time: 15.235417
