parml02@scirouter:~/ex1_omp_cuda$ cat deepnn_run_omp.out 
NUM_THREADS 1
Total time: 2389.605027
DGEMM time: 698.513410
DGEMM_TA time: 1219.612302
DGEMM_TB time: 454.018667
NUM_THREADS 2
Total time: 1241.076092
DGEMM time: 365.092096
DGEMM_TA time: 629.080291
DGEMM_TB time: 229.500489
NUM_THREADS 4
Total time: 706.399519
DGEMM time: 246.926038
DGEMM_TA time: 326.962214
DGEMM_TB time: 114.910493
NUM_THREADS 6
Total time: 568.297002
DGEMM time: 245.698081
DGEMM_TA time: 225.308141
DGEMM_TB time: 78.794913
NUM_THREADS 12
Total time: 338.202612
DGEMM time: 131.799609
DGEMM_TA time: 132.656399
DGEMM_TB time: 48.442846
NUM_THREADS 24
Total time: 485.454411
DGEMM time: 266.227181
DGEMM_TA time: 146.688481
DGEMM_TB time: 44.113859
